<?xml version="1.0" encoding="UTF-8"?>
<!-- Generated by org.testng.reporters.JUnitXMLReporter -->
<testsuite ignored="0" hostname="dell-PC" failures="0" tests="2" name="Banking App Test" time="297.589" errors="0" timestamp="2021-02-19T22:09:38 IST">
  <testcase classname="com.inetBanking.TestCases.TC_LoginTest_001" name="loginTest" time="55.81"/>
  <testcase classname="com.inetBanking.TestCases.TC_AddCustomerTest_003" name="addNewCustomer" time="174.342"/>
</testsuite> <!-- Banking App Test -->
