<?xml version="1.0" encoding="UTF-8"?>
<testng-results ignored="0" total="2" passed="2" failed="0" skipped="0">
  <reporter-output>
  </reporter-output>
  <suite started-at="2021-02-19T22:04:40 IST" name="inetBankingV1.0" finished-at="2021-02-19T22:09:38 IST" duration-ms="297589">
    <groups>
    </groups>
    <test started-at="2021-02-19T22:04:40 IST" name="Banking App Test" finished-at="2021-02-19T22:09:38 IST" duration-ms="297589">
      <class name="com.inetBanking.TestCases.TC_AddCustomerTest_003">
        <test-method is-config="true" signature="setup(java.lang.String)[pri:0, instance:com.inetBanking.TestCases.TC_AddCustomerTest_003@5a4aa2f2]" started-at="2021-02-19T22:06:07 IST" name="setup" finished-at="2021-02-19T22:06:42 IST" duration-ms="35494" status="PASS">
          <params>
            <param index="0">
              <value>
                <![CDATA[chrome]]>
              </value>
            </param>
          </params>
          <reporter-output>
          </reporter-output>
        </test-method> <!-- setup -->
        <test-method signature="addNewCustomer()[pri:0, instance:com.inetBanking.TestCases.TC_AddCustomerTest_003@5a4aa2f2]" started-at="2021-02-19T22:06:42 IST" name="addNewCustomer" finished-at="2021-02-19T22:09:36 IST" duration-ms="174342" status="PASS">
          <reporter-output>
          </reporter-output>
        </test-method> <!-- addNewCustomer -->
        <test-method is-config="true" signature="tearDown()[pri:0, instance:com.inetBanking.TestCases.TC_AddCustomerTest_003@5a4aa2f2]" started-at="2021-02-19T22:09:36 IST" name="tearDown" finished-at="2021-02-19T22:09:38 IST" duration-ms="1194" status="PASS">
          <reporter-output>
          </reporter-output>
        </test-method> <!-- tearDown -->
      </class> <!-- com.inetBanking.TestCases.TC_AddCustomerTest_003 -->
      <class name="com.inetBanking.TestCases.TC_LoginTest_001">
        <test-method is-config="true" signature="setup(java.lang.String)[pri:0, instance:com.inetBanking.TestCases.TC_LoginTest_001@f0f2775]" started-at="2021-02-19T22:04:41 IST" name="setup" finished-at="2021-02-19T22:05:06 IST" duration-ms="25145" status="PASS">
          <params>
            <param index="0">
              <value>
                <![CDATA[chrome]]>
              </value>
            </param>
          </params>
          <reporter-output>
          </reporter-output>
        </test-method> <!-- setup -->
        <test-method signature="loginTest()[pri:0, instance:com.inetBanking.TestCases.TC_LoginTest_001@f0f2775]" started-at="2021-02-19T22:05:06 IST" name="loginTest" finished-at="2021-02-19T22:06:02 IST" duration-ms="55810" status="PASS">
          <reporter-output>
          </reporter-output>
        </test-method> <!-- loginTest -->
        <test-method is-config="true" signature="tearDown()[pri:0, instance:com.inetBanking.TestCases.TC_LoginTest_001@f0f2775]" started-at="2021-02-19T22:06:02 IST" name="tearDown" finished-at="2021-02-19T22:06:07 IST" duration-ms="5021" status="PASS">
          <reporter-output>
          </reporter-output>
        </test-method> <!-- tearDown -->
      </class> <!-- com.inetBanking.TestCases.TC_LoginTest_001 -->
    </test> <!-- Banking App Test -->
  </suite> <!-- inetBankingV1.0 -->
</testng-results>
