<?xml version="1.0" encoding="UTF-8"?>
<testsuite xmlns:xsi="http://www.w3.org/2001/XMLSchema-instance" xsi:schemaLocation="https://maven.apache.org/surefire/maven-surefire-plugin/xsd/surefire-test-report.xsd" name="TestSuite" time="300.217" tests="2" errors="0" skipped="0" failures="0">
  <properties>
[...]
</properties>
  <testcase name="loginTest" classname="com.inetBanking.TestCases.TC_LoginTest_001" time="55.811"/>
  <testcase name="addNewCustomer" classname="com.inetBanking.TestCases.TC_AddCustomerTest_003" time="174.341"/>
</testsuite>